[Info   @17:26:54.743] ====================================================================
[Info   @17:26:54.743] Team Foundation Server Administration Log
[Info   @17:26:54.868] Version  : 14.102.25423.0
[Info   @17:26:54.868] DateTime : 11/08/2016 17:26:54
[Info   @17:26:54.868] Type     : TFS Configuration
[Info   @17:26:54.868] User     : BETADEV\peter.burkholder
[Info   @17:26:54.868] Machine  : AZURE914-D
[Info   @17:26:54.868] System   : Microsoft Windows NT 6.3.9600.0 (AMD64)
[Info   @17:26:54.868] ====================================================================
[Info   @17:26:54.884] IisInstaller=Iis80Installer
[Info   @17:26:54.884] IIS Feature value: NetFxExtensibility45=0
[Info   @17:26:54.884] Feature NetFxExtensibility45 is not registered.
[Info   @17:26:54.884] IIS Feature value: ASPNET45=0
[Info   @17:26:54.884] Feature ASPNET45 is not registered.
[Info   @17:26:54.884] IIS Feature value: StaticContent=0
[Info   @17:26:54.884] Feature StaticContent is not registered.
[Info   @17:26:54.884] IIS Feature value: ManagementConsole=0
[Info   @17:26:54.884] Feature ManagementConsole is not registered.
[Info   @17:26:54.884] IIS Feature value: ManagementScriptingTools=0
[Info   @17:26:54.884] Feature ManagementScriptingTools is not registered.
[Info   @17:26:54.884] IIS Feature value: WindowsAuthentication=0
[Info   @17:26:54.884] Feature WindowsAuthentication is not registered.
[Info   @17:26:54.884] IIS Feature value: HttpCompressionStatic=0
[Info   @17:26:54.884] Feature HttpCompressionStatic is not registered.
[Info   @17:26:54.884] IIS Feature value: HttpCompressionDynamic=0
[Info   @17:26:54.884] Feature HttpCompressionDynamic is not registered.
[Info   @17:26:54.884] IIS Feature value: WebSockets=0
[Info   @17:26:54.884] Feature WebSockets is not registered.
[Info   @17:26:54.993] Creating Iis7ManagerImplementation
[Info   @17:26:54.993] IisManagerImplementation.IsInstalled is called
[Info   @17:26:54.993] Preparing to load: Microsoft.Web.Administration, Version=7.0.0.0, Culture=neutral, PublicKeyToken=31bf3856ad364e35
[Info   @17:26:54.993] Microsoft.Web.Administration is installed: False
[Info   @17:26:54.993] Microsoft.Web.Administration cannot be loaded in the current appdomain. Creating a new appdomain.
[Info   @17:26:55.009] IisManagerImplementation.IsInstalled is called
[Info   @17:26:55.009] Preparing to load: Microsoft.Web.Administration, Version=7.0.0.0, Culture=neutral, PublicKeyToken=31bf3856ad364e35
[Info   @17:26:55.009] Microsoft.Web.Administration is installed: False
[Info   @17:26:55.337] Environment: FullEnvironment
	Setup:
		InstallPath: C:\Program Files\Microsoft Team Foundation Server 14.0\
		ToolsPath: C:\Program Files\Microsoft Team Foundation Server 14.0\Tools
		ApplicationTierPath: C:\Program Files\Microsoft Team Foundation Server 14.0\Application Tier
		BuildTierPath: C:\Program Files\Microsoft Team Foundation Server 14.0\Tools
		ProxyPath: C:\Program Files\Microsoft Team Foundation Server 14.0\Version Control Proxy
		SetupUser: BETADEV\peter.burkholder
		WebServicePath: C:\Program Files\Microsoft Team Foundation Server 14.0\Application Tier\Web Services
		JobAgentPath: C:\Program Files\Microsoft Team Foundation Server 14.0\Application Tier\TFSJobAgent
		MessageQueuePath: C:\Program Files\Microsoft Team Foundation Server 14.0\Application Tier\Message Queue
		SshServicePath: C:\Program Files\Microsoft Team Foundation Server 14.0\Application Tier\Web Services\bin
		SshServiceExePath: C:\Program Files\Microsoft Team Foundation Server 14.0\Application Tier\Web Services\bin\TeamFoundationSshService.exe
		SystemTfsTemp: C:\windows\Temp\TFSTemp
		InstalledLanguagesString: 1033;
	OS:
		MachineName: AZURE914-D
		HostName: AZURE914-D
		IsClientOS: False
		IsServerOS: True
		IsDomainController: False
		IsMachineInWorkgroup: False
		IsMachineInDomain: True
		IsHomeEdition: False
		IsUnsupportedEdition: False
		Version: WinBlueServer
		MajorVersion: 6
		MinorVersion: 3
		ProcessorCount: 2
		ServicePackMajor: 0
		ServicePackMinor: 0
		IsOSPostTfsRelease: False
		Edition: DataCenter
		VisibleMemoryMB: 14335
		AdjustedMemoryGB: 14
	Iis:
		IsInstalled: False
		PreviouslyFailedConfig: False
		RequiredIisFeaturesInstalled: False
		OS:
			MachineName: AZURE914-D
			HostName: AZURE914-D
			IsClientOS: False
			IsServerOS: True
			IsDomainController: False
			IsMachineInWorkgroup: False
			IsMachineInDomain: True
			IsHomeEdition: False
			IsUnsupportedEdition: False
			Version: WinBlueServer
			MajorVersion: 6
			MinorVersion: 3
			ProcessorCount: 2
			ServicePackMajor: 0
			ServicePackMinor: 0
			IsOSPostTfsRelease: False
			Edition: DataCenter
			VisibleMemoryMB: 14335
			AdjustedMemoryGB: 14
	Sql:
	SharePoint:
		IsInstalled: False
		IsProvisioned: False
		IsAdminDbConfigured: False
		IsAdminSiteConfigured: False
		IsRunningSiteOnWebAppPort: False
		ServerRole: None
		Version: null
		WssAdminUrl: http://azure914-d:17012/
		WssSiteUrl: http://azure914-d/sites
	ReportingServices:
		IsInstalled: False
		DefaultInstance: null
	PowerTools:
		IsBackupToolConfigured: False

[Info   @17:29:34.100] IisInstaller=Iis80Installer
[Info   @17:29:34.100] IIS Feature value: NetFxExtensibility45=0
[Info   @17:29:34.100] Feature NetFxExtensibility45 is not registered.
[Info   @17:29:34.100] IIS Feature value: ASPNET45=0
[Info   @17:29:34.100] Feature ASPNET45 is not registered.
[Info   @17:29:34.100] IIS Feature value: StaticContent=0
[Info   @17:29:34.100] Feature StaticContent is not registered.
[Info   @17:29:34.100] IIS Feature value: ManagementConsole=0
[Info   @17:29:34.100] Feature ManagementConsole is not registered.
[Info   @17:29:34.100] IIS Feature value: ManagementScriptingTools=0
[Info   @17:29:34.100] Feature ManagementScriptingTools is not registered.
[Info   @17:29:34.100] IIS Feature value: WindowsAuthentication=0
[Info   @17:29:34.100] Feature WindowsAuthentication is not registered.
[Info   @17:29:34.100] IIS Feature value: HttpCompressionStatic=0
[Info   @17:29:34.100] Feature HttpCompressionStatic is not registered.
[Info   @17:29:34.100] IIS Feature value: HttpCompressionDynamic=0
[Info   @17:29:34.100] Feature HttpCompressionDynamic is not registered.
[Info   @17:29:34.100] IIS Feature value: WebSockets=0
[Info   @17:29:34.100] Feature WebSockets is not registered.
[Info   @17:29:34.116] Creating Iis7ManagerImplementation
[Info   @17:29:34.116] IisManagerImplementation.IsInstalled is called
[Info   @17:29:34.116] Preparing to load: Microsoft.Web.Administration, Version=7.0.0.0, Culture=neutral, PublicKeyToken=31bf3856ad364e35
[Info   @17:29:34.116] Microsoft.Web.Administration is installed: False
[Info   @17:29:34.116] Microsoft.Web.Administration cannot be loaded in the current appdomain. Creating a new appdomain.
[Info   @17:29:34.116] IisManagerImplementation.IsInstalled is called
[Info   @17:29:34.116] Preparing to load: Microsoft.Web.Administration, Version=7.0.0.0, Culture=neutral, PublicKeyToken=31bf3856ad364e35
[Info   @17:29:34.116] Microsoft.Web.Administration is installed: False
[Info   @17:29:34.147]
[Info   @17:29:34.147] +-+-+-+-+-| ApplicationTierPlan::GenerateVerifyPlan |+-+-+-+-+-
[Info   @17:29:34.147] setupConnectionString=Data Source=AZURE915-D;Initial Catalog=master;Integrated Security=True
[Info   @17:29:34.147] ConfigConnectionString=Data Source=AZURE915-D;Initial Catalog=Tfs_Configuration;Integrated Security=True
[Info   @17:29:34.147] applicationConnectionString=Data Source=AZURE915-D;Initial Catalog=Tfs_Configuration;Integrated Security=True
[Info   @17:29:34.147] configDbMachineName=AZURE915-D
[Info   @17:29:34.163] configDbInstanceName=
[Info   @17:29:34.163] isSqlAlwaysOnInstance=False
[Info   @17:29:34.163] asComputerName=
[Info   @17:29:34.163] asDbInstanceName=
[Info   @17:29:34.163] isRemoteDataTier=True
[Info   @17:29:34.163] sqlServerServiceName=MSSQLSERVER
[Info   @17:29:34.163] asServiceName=MSSQLServerOLAPService
[Info   @17:29:34.163] Services created ...
[Info   @17:29:34.179] serviceAccountInfo=NT AUTHORITY\NETWORK SERVICE
[Info   @17:29:34.179] setupUserAccount=BETADEV\peter.burkholder
[Info   @17:29:34.179] verifySharePointUrls=False
[Info   @17:29:34.179] collSharepointRelPath=
[Info   @17:29:34.179] rootSitesUrl=
[Info   @17:29:34.179] reportingItemPath=
[Info   @17:29:34.179] relationalConnectionString=
[Info   @17:29:34.179] reportingServiceDataSourceCreds=NT AUTHORITY\NETWORK SERVICE
[Info   @17:29:34.179] asMachine=AZURE914-D
[Info   @17:29:34.179] asInstance=


[Info   @17:29:34.399]
[Info   @17:29:34.399] +-+-+-+-+-| Execute |+-+-+-+-+-
[Info   @17:29:34.399]
[Info   @17:29:34.399] +-+-+-+-+-| Review Settings |+-+-+-+-+-
[Info   @17:29:34.399]
Summary Sections

	Section: Feedback
		Send Feedback: No
	Section: Application Tier
		Service Account: NT Authority\NetworkService
		Authentication Method: NTLM
		Virtual Directory: tfs
		Site Bindings: http:*:8080:
		Notification URL: http://azure914-d:8080/tfs
		Server URL: http://localhost:8080/tfs
		File Cache Folder: D:\TfsData\ApplicationTier\_fileCache
		Enable SSH Service: Yes
		SSH Port: 22
	Section: Configuration Database
		SQL Instance: AZURE915-D
		Use Existing Database: No
		Create Configuration Database: Yes
		Database Label:
		Configuration Database: Tfs_Configuration
	Section: Reporting
		Use Reporting: No
	Section: SharePoint Products
		Use SharePoint: No
	Section: Team Project Collection
		Create Collection: Yes
		Collection Name: DefaultCollection
		Collection Description:
		Collection Database: Tfs_DefaultCollection

[Info   @17:29:34.399]
[Info   @17:29:34.399] +-+-+-+-+-| Environment |+-+-+-+-+-
[Info   @17:29:34.399] Environment: FullEnvironment
	Setup:
		InstallPath: C:\Program Files\Microsoft Team Foundation Server 14.0\
		ToolsPath: C:\Program Files\Microsoft Team Foundation Server 14.0\Tools
		ApplicationTierPath: C:\Program Files\Microsoft Team Foundation Server 14.0\Application Tier
		BuildTierPath: C:\Program Files\Microsoft Team Foundation Server 14.0\Tools
		ProxyPath: C:\Program Files\Microsoft Team Foundation Server 14.0\Version Control Proxy
		SetupUser: BETADEV\peter.burkholder
		WebServicePath: C:\Program Files\Microsoft Team Foundation Server 14.0\Application Tier\Web Services
		JobAgentPath: C:\Program Files\Microsoft Team Foundation Server 14.0\Application Tier\TFSJobAgent
		MessageQueuePath: C:\Program Files\Microsoft Team Foundation Server 14.0\Application Tier\Message Queue
		SshServicePath: C:\Program Files\Microsoft Team Foundation Server 14.0\Application Tier\Web Services\bin
		SshServiceExePath: C:\Program Files\Microsoft Team Foundation Server 14.0\Application Tier\Web Services\bin\TeamFoundationSshService.exe
		SystemTfsTemp: C:\windows\Temp\TFSTemp
		InstalledLanguagesString: 1033;
	OS:
		MachineName: AZURE914-D
		HostName: AZURE914-D
		IsClientOS: False
		IsServerOS: True
		IsDomainController: False
		IsMachineInWorkgroup: False
		IsMachineInDomain: True
		IsHomeEdition: False
		IsUnsupportedEdition: False
		Version: WinBlueServer
		MajorVersion: 6
		MinorVersion: 3
		ProcessorCount: 2
		ServicePackMajor: 0
		ServicePackMinor: 0
		IsOSPostTfsRelease: False
		Edition: DataCenter
		VisibleMemoryMB: 14335
		AdjustedMemoryGB: 14
	Iis:
		IsInstalled: False
		PreviouslyFailedConfig: False
		RequiredIisFeaturesInstalled: False
		OS:
			MachineName: AZURE914-D
			HostName: AZURE914-D
			IsClientOS: False
			IsServerOS: True
			IsDomainController: False
			IsMachineInWorkgroup: False
			IsMachineInDomain: True
			IsHomeEdition: False
			IsUnsupportedEdition: False
			Version: WinBlueServer
			MajorVersion: 6
			MinorVersion: 3
			ProcessorCount: 2
			ServicePackMajor: 0
			ServicePackMinor: 0
			IsOSPostTfsRelease: False
			Edition: DataCenter
			VisibleMemoryMB: 14335
			AdjustedMemoryGB: 14
	Sql:
	SharePoint:
		IsInstalled: False
		IsProvisioned: False
		IsAdminDbConfigured: False
		IsAdminSiteConfigured: False
		IsRunningSiteOnWebAppPort: False
		ServerRole: None
		Version: null
		WssAdminUrl: http://azure914-d:17012/
		WssSiteUrl: http://azure914-d/sites
	ReportingServices:
		IsInstalled: False
		DefaultInstance: null
	PowerTools:
		IsBackupToolConfigured: False

[Info   @17:29:34.399]
[Info   @17:29:34.399] +-+-+-+-+-| Configuration Plan |+-+-+-+-+-
[Info   @17:29:34.399] - VerifyInputViolations (VerifyNode) : Verifying that all the inputs are valid and there are no violations

	- ContainerTask (ProgressNode) : System Verifications

		- VerifyNotConfigured (VerifyNode) : Verifying feature is not configured
			Feature = ApplicationTier

		- VerifyWmiWorks (VerifyNode) : Verifying that WMI works on the local machine

			- VerifyMemory (VerifyNode) : Verifying minimum amount of RAM
				LogMsg = AppTier 1GB Error
				MinGB = 1
				IssueResult = Error

				- VerifyMemory (VerifyNode) : Verifying minimum amount of RAM
					LogMsg = AppTier 2GB Warning
					MinGB = 2
					IssueResult = Warning

			- ConditionalTask (ConditionalNode) : MakeCert

				- VerifyCanGenerateOAuthSigningCertificate (VerifyNode) : Verifying that OAuth signing certificate can be generated.

		- VerifyFirewallInstalled (VerifyNode) : Verifying that the Windows Firewall is installed and configured

		- VerifyEdition (VerifyNode) : Verifying that the operating system edition is supported

		- VerifyFips (VerifyNode) : Verifying that FIPS is disabled on local machine

		- ConditionalTask (ConditionalNode) : DomainAccess

			- VerifyDomainAccess (VerifyNode) : Verifying that domain controller is accessible

		- VerifyMachineName (VerifyNode) : Verifying that computer name matches the NetBIOS name

		- ConditionalTask (ConditionalNode) : NoUnderscore

			- VerifyDomainNameNoUnderscore (VerifyNode) : Verifying the machine name has no underscore
				ResultToReturn = Warning
				FailureMessage = TF401067: Installing TFS on a machine that contains an underscore is strongly discouraged.  Doing so will block certain administrative functions, such as team project security, group membership, and work item areas and iterations, as well as the use of Web Access from Internet Explorer.  Please change your machine name to one without underscores before proceeding.
				MachineName = AZURE914-D

		- VerifyMsiReady (VerifyNode) : Verifying that MSI is ready for install

		- VerifyNoPendingReboots (VerifyNode) : Verifying that the system restart is not required

		- VerifyCanonicalAcls (VerifyNode) : Verifying that the ACLs on existing directories are in a canonical form.
			Feature = ApplicationTier

		- VerifyOperatingSystemServicePackLevel (VerifyNode) : Verifying that the required Service Pack for the current version of OS is installed
			MajorVersion = 6
			MinorVersion = 3
			RequiredServicePackMajor = 0

	- ContainerTask (ProgressNode) : Data Tier

		- ConditionalTask (ConditionalNode) : Existing Data Tier

			- VerifySqlInstanceName (VerifyNode) : Verifying the SQL Server Instance name
				SqlInstanceName = AZURE915-D

			- ConditionalTask (ConditionalNode) : OnDomainIfRemoteSql

				- VerifyOnDomain (VerifyNode) : Verifying that the computer is joined to an Active Directory domain (multi-computer installs only)

			- VerifyForLocalAccount (VerifyNode) : Verifying valid options if using a local account
				AccountName = BETADEV\AZURE914-D$
				MachineName = AZURE915-D

			- VerifySqlNotLocalDB (VerifyNode) : Verifying that the specified SQL Server is not a SQL Express LocalDB

				- VerifySqlInstanceIsRunning (VerifyNode) : Verifying that SQL instance is running if local

					- VerifySqlConnect (VerifyNode) : Verifying SQL connection
						ConnectionInfo = Data Source=AZURE915-D;Initial Catalog=master;Integrated Security=True

						- ConditionalTask (ConditionalNode) : Upgrade SQL Express

							- VerifySqlVersion (VerifyNode) : Verifying the SQL Server version
								ConnectionInfo = Data Source=AZURE915-D;Initial Catalog=master;Integrated Security=True

						- VerifyApplicationTierMemory (VerifyNode) : Verifying minimum amount of memory required for the Application Tier
							ServiceIdentifier = AZURE915-D
							MachineName = AZURE915-D

						- VerifySqlIsServerAdmin (VerifyNode) : Verifying that principal has a membership in the serveradmin role
							ConnectionInfo = Data Source=AZURE915-D;Initial Catalog=master;Integrated Security=True

							- VerifySqlHasAlterAnyLogin (VerifyNode) : Verifying that principal has ALTER ANY LOGIN permission
								ConnectionInfo = Data Source=AZURE915-D;Initial Catalog=master;Integrated Security=True
								CheckIdentifier = VSQLALTERLOGIN
								Permission = ALTER ANY LOGIN
								CheckTitle = Verifying that principal has ALTER ANY LOGIN permission

							- VerifySqlHasCreateAnyDatabase (VerifyNode) : Verifying that principal has CREATE ANY DATABASE permission
								ConnectionInfo = Data Source=AZURE915-D;Initial Catalog=master;Integrated Security=True
								CheckIdentifier = VSQLCREATEDB
								Permission = CREATE ANY DATABASE
								CheckTitle = Verifying that principal has CREATE ANY DATABASE permission

							- VerifySqlHasControlPermission (VerifyNode) : Verifying that principal has CONTROL permission
								Permission = CONTROL
								CheckIdentifier = VSQLCONTROL
								CheckTitle = Verifying that principal has CONTROL permission
								ConnectToMaster = False

							- VerifySqlHasViewAnyDefinition (VerifyNode) : Verifying that principal has VIEW ANY DEFINITION permission
								ConnectionInfo = Data Source=AZURE915-D;Initial Catalog=master;Integrated Security=True
								CheckIdentifier = VSQLVIEWDEF
								Permission = VIEW ANY DEFINITION
								CheckTitle = Verifying that principal has VIEW ANY DEFINITION permission

						- VerifySqlLogin (VerifyNode) : Verifying that the given account does not already have a SQL login that is denied access or with the wrong SID
							ConnectionInfo = Data Source=AZURE915-D;Initial Catalog=master;Integrated Security=True
							ServiceIdentifier = AZURE915-D
							Account = BETADEV\peter.burkholder

						- VerifyDatabaseExistence (VerifyNode) : Verifying Sql database existence
							ServiceIdentifier = AZURE915-D
							UseExistingEmpty = False
							UseExisting = False
							UpgradeExisting = False
							ConnectionInfo = Data Source=AZURE915-D;Initial Catalog=Tfs_Configuration;Integrated Security=True

						- ConditionalTask (ConditionalNode) : Creating initial collection

							- VerifyCollectionDatabaseDoesNotExist (VerifyNode) : Verifying that the collection database does not exist
								DatabaseName = Tfs_DefaultCollection
								ConnectionInfo = Data Source=AZURE915-D;Initial Catalog=master;Integrated Security=True

						- ConditionalTask (ConditionalNode) : Not using existing empty

							- VerifySqlFullText (VerifyNode) : Verifying that SQL Server has a full-text search feature installed
								ConnectionInfo = Data Source=AZURE915-D;Initial Catalog=master;Integrated Security=True
								ServiceIdentifier = AZURE915-D

						- VerifyDatabaseNaming (VerifyNode) : Verifying the database name
							DatabaseName = Tfs_Configuration
							UseExistingEmpty = False

						- VerifySqlLogin (VerifyNode) : Verifying that the given account does not already have a SQL login that is denied access or with the wrong SID
							ConnectionInfo = Data Source=AZURE915-D;Initial Catalog=master;Integrated Security=True
							ServiceIdentifier = AZURE915-D
							Account = BETADEV\AZURE914-D$

						- VerifySqlCollation (VerifyNode) : Verifying the SQL Server collation
							ConnectionInfo = Data Source=AZURE915-D;Initial Catalog=master;Integrated Security=True
							ServiceIdentifier = AZURE915-D

						- VerifySqlNoCount (VerifyNode) : Verifying that SQL no count is off
							ConnectionInfo = Data Source=AZURE915-D;Initial Catalog=master;Integrated Security=True
							ServiceIdentifier = AZURE915-D

						- ConditionalTask (ConditionalNode) : SqlTcpCheck

							- VerifySqlTcp (VerifyNode) : Verifying that TPC/IP protocol is enabled on the SQL Server Instance
								ConnectionString = Data Source=AZURE915-D;Integrated Security=True
								WarningOnly = True

						- VerifySqlServerNameVariable (VerifyNode) : Verifying that @SERVERNAME variable is not NULL
							ConnectionInfo = Data Source=AZURE915-D;Initial Catalog=master;Integrated Security=True

	- ContainerTask (ProgressNode) : Application Tier

		- ConditionalTask (ConditionalNode) : FileCacheChecks

			- VerifyApplicationTierFileCacheFolder (VerifyNode) : Verifying the Application Tier file cache folder
				FileCacheFolder = D:\TfsData\ApplicationTier\_fileCache

			- VerifyApplicationTierCachePathDiskSpace (VerifyNode) : Verifying free disk space for the Application Tier file cache
				Folder = D:\TfsData\ApplicationTier\_fileCache
				RequiredSizeInBytes = 53687091200

		- VerifyServiceInstalled (VerifyNode) : Verifying the following Windows service is installed: World Wide Web Publishing Service
			MachineName = AZURE914-D
			ServiceName = w3svc
			ServiceLabel = World Wide Web Publishing Service

			- VerifyServiceAuto (VerifyNode) : Verifying that the following Windows service is set to start automatically: w3svc
				MachineName = AZURE914-D
				ServiceName = w3svc
				ServiceLabel = World Wide Web Publishing Service

			- VerifyServiceRunning (VerifyNode) : Verifying the following Windows service is running: World Wide Web Publishing Service
				ReportError = True
				MachineName = AZURE914-D
				ServiceName = w3svc
				ServiceLabel = World Wide Web Publishing Service

				- VerifyIisBrokenSites (VerifyNode) : Verifying that IIS sites are in good state

				- VerifyIisRequiredFeatures (VerifyNode) : Verifying that all required IIS features installed
					InfoOnly = True

			- VerifyIisIUsrsGroupExist (VerifyNode) : Verifying that IIS_IUSRS group exists

			- VerifySiteAvailability (VerifyNode) : Verifying that the web site bindings are available

				- VerifyTcpPorts (VerifyNode) : Verifying that the TCP ports in the list of requested bindings are not in use

		- VerifyServiceAccount (VerifyNode) : Verifying the application tier service account
			AccountName = NT AUTHORITY\NETWORK SERVICE

			- VerifyAccountHasSidInDomain (VerifyNode) : Verifying that the account has correct domain or host name
				IsInDomain = True

			- VerifyServiceReadExecute (VerifyNode) : Verifying Read & Execute permissions to the TFS folder.
				GroupName = TFS_APPTIER_SERVICE_WPG
				AccountName = NT Authority\NetworkService
				IsDomainController = False
				Path = C:\Program Files\Microsoft Team Foundation Server 14.0\
				FailureResult = Info

		- VerifyServiceNotInstalled (VerifyNode) : Verifying the following Windows service is not installed: TFSJobAgent
			MachineName = AZURE914-D
			ServiceName = TFSJobAgent
			ServiceLabel = TFSJobAgent

		- VerifyServiceNotInstalled (VerifyNode) : Verifying the following Windows service is not installed: TeamFoundationSshService
			MachineName = AZURE914-D
			ServiceName = TeamFoundationSshService
			ServiceLabel = TeamFoundationSshService

	- ConditionalTask (ConditionalNode) : Verifying Team Project Collection Creation

		- ContainerTask (ProgressNode) : Project Collection

			- VerifyDatabaseNaming (VerifyNode) : Verifying the database name
				DatabaseName = Tfs_DefaultCollection
				UseExistingEmpty = False


[Info   @17:29:34.399]
[Info   @17:29:34.399] +-+-+-+-+-| Running General: Verifying that all the inputs are valid and there are no violations |+-+-+-+-+-
[Info   @17:29:34.399]
[Info   @17:30:29.265] +-+-+-+-+-| Execute |+-+-+-+-+-
[Info   @17:30:29.265]
[Info   @17:30:29.265] +-+-+-+-+-| Review Settings |+-+-+-+-+-
[Info   @17:30:29.265]
Summary Sections

	Section: Feedback
		Send Feedback: No
	Section: Application Tier
		Service Account: NT Authority\NetworkService
		Authentication Method: NTLM
		Virtual Directory: tfs
		Site Bindings: http:*:8080:
		Notification URL: http://azure914-d:8080/tfs
		Server URL: http://localhost:8080/tfs
		File Cache Folder: D:\TfsData\ApplicationTier\_fileCache
		Enable SSH Service: Yes
		SSH Port: 22
	Section: Configuration Database
		SQL Instance: AZURE915-D
		Use Existing Database: No
		Create Configuration Database: Yes
		Database Label:
		Configuration Database: Tfs_Configuration
	Section: Reporting
		Use Reporting: No
	Section: SharePoint Products
		Use SharePoint: No
	Section: Team Project Collection
		Create Collection: Yes
		Collection Name: DefaultCollection
		Collection Description:
		Collection Database: Tfs_DefaultCollection

[Info   @17:30:29.265]
[Info   @17:30:29.265] +-+-+-+-+-| Environment |+-+-+-+-+-
[Info   @17:30:29.265] Environment: FullEnvironment
	Setup:
		InstallPath: C:\Program Files\Microsoft Team Foundation Server 14.0\
		ToolsPath: C:\Program Files\Microsoft Team Foundation Server 14.0\Tools
		ApplicationTierPath: C:\Program Files\Microsoft Team Foundation Server 14.0\Application Tier
		BuildTierPath: C:\Program Files\Microsoft Team Foundation Server 14.0\Tools
		ProxyPath: C:\Program Files\Microsoft Team Foundation Server 14.0\Version Control Proxy
		SetupUser: BETADEV\peter.burkholder
		WebServicePath: C:\Program Files\Microsoft Team Foundation Server 14.0\Application Tier\Web Services
		JobAgentPath: C:\Program Files\Microsoft Team Foundation Server 14.0\Application Tier\TFSJobAgent
		MessageQueuePath: C:\Program Files\Microsoft Team Foundation Server 14.0\Application Tier\Message Queue
		SshServicePath: C:\Program Files\Microsoft Team Foundation Server 14.0\Application Tier\Web Services\bin
		SshServiceExePath: C:\Program Files\Microsoft Team Foundation Server 14.0\Application Tier\Web Services\bin\TeamFoundationSshService.exe
		SystemTfsTemp: C:\windows\Temp\TFSTemp
		InstalledLanguagesString: 1033;
	OS:
		MachineName: AZURE914-D
		HostName: AZURE914-D
		IsClientOS: False
		IsServerOS: True
		IsDomainController: False
		IsMachineInWorkgroup: False
		IsMachineInDomain: True
		IsHomeEdition: False
		IsUnsupportedEdition: False
		Version: WinBlueServer
		MajorVersion: 6
		MinorVersion: 3
		ProcessorCount: 2
		ServicePackMajor: 0
		ServicePackMinor: 0
		IsOSPostTfsRelease: False
		Edition: DataCenter
		VisibleMemoryMB: 14335
		AdjustedMemoryGB: 14
	Iis:
		IsInstalled: False
		PreviouslyFailedConfig: False
		RequiredIisFeaturesInstalled: False
		OS:
			MachineName: AZURE914-D
			HostName: AZURE914-D
			IsClientOS: False
			IsServerOS: True
			IsDomainController: False
			IsMachineInWorkgroup: False
			IsMachineInDomain: True
			IsHomeEdition: False
			IsUnsupportedEdition: False
			Version: WinBlueServer
			MajorVersion: 6
			MinorVersion: 3
			ProcessorCount: 2
			ServicePackMajor: 0
			ServicePackMinor: 0
			IsOSPostTfsRelease: False
			Edition: DataCenter
			VisibleMemoryMB: 14335
			AdjustedMemoryGB: 14
	Sql:
	SharePoint:
		IsInstalled: False
		IsProvisioned: False
		IsAdminDbConfigured: False
		IsAdminSiteConfigured: False
		IsRunningSiteOnWebAppPort: False
		ServerRole: None
		Version: null
		WssAdminUrl: http://azure914-d:17012/
		WssSiteUrl: http://azure914-d/sites
	ReportingServices:
		IsInstalled: False
		DefaultInstance: null
	PowerTools:
		IsBackupToolConfigured: False

[Info   @17:30:29.265]
[Info   @17:30:29.265] +-+-+-+-+-| Configuration Plan |+-+-+-+-+-
[Info   @17:30:29.265] - ContainerTask (ContainerNode) : root

	- ContainerTask (ProgressNode) : Prepare Configuration

		- ConfigureCreateApplicationTierFileCacheFolder (ConfigureNode) : Creating Application Tier file cache folder ...
			Folder = D:\TfsData\ApplicationTier\_fileCache

		- ContainerTask (BestEffortNode) : ConfigureRemoveLegacyPerfCounters

			- ConfigureRemoveLegacyPerfCounters (ConfigureNode) : Removing legacy performance counters ...
				Feature = ApplicationTier

		- ContainerTask (BestEffortNode) : ConfigurePerfCounters

			- ConfigurePerfCounters (ConfigureNode) : Configuring performance counters
				AssemblyPaths = System.String[]
				Feature = ApplicationTier

	- ConditionalTask (ConditionalNode) : ConfigureIIS

		- ContainerTask (ProgressNode) : Configure IIS

			- ConfigureIis (ConfigureNode) : Configuring IIS

	- ConditionalTask (ConditionalNode) : RecordExistingSqlVersion

		- ContainerTask (BestEffortNode) : RecordExistingSqlVersion

			- ConfigureRecordExistingSqlVersion (ConfigureNode) : Recording SQL Server version
				ConnectionInfo = Data Source=AZURE915-D;Initial Catalog=master;Integrated Security=True

	- ContainerTask (BestEffortNode) : RecordMasterDbCollation

		- ConfigureRecordDatabaseCollation (ConfigureNode) : Recording database collation ...
			DatabaseName = master
			ContextKey = MasterDatabaseCollation

	- ContainerTask (ProgressNode) : Configuration Database

		- ConditionalTask (ConditionalNode) : CreateConfigDb

			- ConfigureCreateSqlServerConfigDb (ConfigureNode) : Configuring server databases, which may take a while ...
				ServiceAccountName = NT Authority\NetworkService
				LCID = 1033
				AnalysisInstance =
				AnalysisDatabaseName =
				DataReaderAccount =
				HasDataReaderPassword = *****
				ConnectionInfo = Data Source=AZURE915-D;Initial Catalog=master;Integrated Security=True
				DatabaseLabel =
				ServerUrl = http://azure914-d:8080/tfs
				ExistingEmpty = False

			- ConditionalTask (ConditionalNode) : StartTrialCond

				- ConfigureDbRegistryItem (ConfigureNode) : Configuring registry item
					Path = /Service/Licensing/TrialStartDate
					Value = 2016-11-08T17:29:34.3554311Z

			- ConfigureCreateDatabasePool (ConfigureNode) : Creating database pool
				DatabaseType = Partition
				CredentialPolicy = InProcessRotation
				Collation = null
				PoolName = DefaultPartitionPool
				InitialCapacity = 0
				CreateThreshold = 0
				GrowBy = 0
				Size = 0
				ServicingOperations = CreatePartitionDbSchema;CreateCollectionSchema;CreateDistributedTaskPartitionSchema;CreateDistributedTaskOrchestrationSchema;CreateServiceHooksSchema;CreateCodeReviewPartitionSchema;CreateDevTestLabsSchema;CreateReleaseManagementSchema;CreateExtensionPartitionSchema;CreatePartitionDbComplete
				MaxDatabaseLimit = 2147483647
				DataSource = AZURE915-D
				InitialCatalog = Tfs_Configuration

		- ConfigureViewStateKeys (ConfigureNode) : Configuring view state keys

		- ConfigureDbRegistryItem (ConfigureNode) : Configuring registry item
			Path = /Configuration/ApplicationTier/SiteBindings
			Value = http:*:8080:

		- ConfigureDbRegistryItem (ConfigureNode) : Configuring registry item
			Path = /Configuration/ApplicationTier/DefaultVDir
			Value = tfs

	- ContainerTask (ProgressNode) : Create Websites

		- ConfigureAddAccountToWPG (ConfigureNode) : Add account to the local WPG group

		- ConfigureSetApplicationAcls (ConfigureNode) : Setting file system permissions, which may take a while ...
			FileCacheFolder = D:\TfsData\ApplicationTier\_fileCache
			GroupName = TFS_APPTIER_SERVICE_WPG
			AccountName = NT Authority\NetworkService
			IsDomainController = False

		- ConfigureTokenReplaceConfig (ConfigureNode) : Token replace a config file
			InputPath = C:\Program Files\Microsoft Team Foundation Server 14.0\Application Tier\Web Services\web.config.template
			OutputPath = C:\Program Files\Microsoft Team Foundation Server 14.0\Application Tier\Web Services\web.config
			TokenSet = @CACHEROOT@:C:\windows\Temp\TFSTemp
@CONFIGURATION_DB_CONNECTION_STRING@:Data Source=AZURE915-D;Initial Catalog=Tfs_Configuration;Integrated Security=True
@MESSAGE_QUEUE_AUTHENTICATION_SCHEME@:IntegratedWindowsAuthentication
