====================================================================
Collection name : DefaultCollection
Operation class : CreateCollection
Time Zone       : Coordinated Universal Time
Queue time      : 11/08/2016 17:37:33
Start time      : 11/08/2016 17:37:34
End time        : 11/08/2016 17:38:50
Execution time  : 0:00:01:15
Job result      : Succeeded
====================================================================
[17:37:33.927]   Creating dictionary with 2 initial items:
[17:37:33.927]   	RequestingIdentity => Value: System.Security.Principal.WindowsIdentity;S-1-5-21-1996115817-2268799233-2340969183-1612
[17:37:33.927]   	CollectionProperties => Value: 5f0d1604-c9d2-4799-907d-d0724508c1f6 (DefaultCollection)
[17:37:34.007]   Acquiring servicing job lock 'Servicing-5f0d1604-c9d2-4799-907d-d0724508c1f6'
[17:37:34.007]   Setting token. Key: JobId. Value: c9b54a29-54f6-4afc-a938-966494c8f84c.
[17:37:34.007]   OperationClass: CreateCollection
[17:37:34.007]   Framework connection string was not found in servicing items
[17:37:34.007]   Setting item. Key: ConnectionInfo. Value: Data Source=AZURE915-D;Initial Catalog=Tfs_DefaultCollection;Integrated Security=True.
[17:37:34.020]   Setting token. Key: OnlineUpdate. Value: true.
[17:37:34.020]   Registering the servicing job as running.
[17:37:34.430]   Registered the job.
[17:37:34.430]   onlineUpdate: False
[17:37:34.447]   Setting item. Key: HostedDeployment. Value: False.
[17:37:34.447] +++++++++++++++++++++++++++++++++++++++++++++++++++++++++++++++++++++++++++++++++++++++
[17:37:34.447] Step skipped: Create Database.
[17:37:34.447] Step skipped: Update Database Compatibility Level.
[17:37:34.447] Step skipped: Set Recovery Model to Simple.
[17:37:34.447] Step skipped: Turn off RCSI.
[17:37:34.463]   [GroupDuration] 0.0209063
[17:37:34.463]   [OperationDuration] 0.0231865
[17:37:34.463]   Setting token. Key: CurrentStepName. Value: Setup Servicing Tokens to track Milestone.
[17:37:34.463]   Setting token. Key: CurrentStepGroupName. Value: CreatePartitionDbSchema.
[17:37:34.463] +++++++++++++++++++++++++++++++++++++++++++++++++++++++++++++++++++++++++++++++++++++++
[17:37:34.463] Executing step: Setup Servicing Tokens to track Milestone


[ snip a few thousand lines ]

======================================================================================================
 Step execution times in descending order (top 40 steps)
======================================================================================================
Install Numbers Table (Install.TfsFramework, CreateCollection.Service.TFS)                                                        - 8 seconds
Turn on RCSI (RestoreRecoveryModelAndTurnOnRCSI, CreateCollectionSchema)                                                          - 7 seconds
Create VersionControl Database (Install.CreateCollectionSchema, CreateCollectionSchema)                                           - 6 seconds
Create Framework Common Schema (CreatePartitionDbSchema, CreatePartitionDbSchema)                                                 - 6 seconds
Create WorkItemTracking Database (Install.CreateCollectionSchema, CreateCollectionSchema)                                         - 4 seconds
Create Test Management Database (Install.CreateCollectionSchema, CreateCollectionSchema)                                          - 4 seconds
Create Build Database (Install.CreateCollectionSchema, CreateCollectionSchema)                                                    - 2 seconds
Create LabExecution Database (Install.CreateCollectionSchema, CreateCollectionSchema)                                             - 2 seconds
Create Distributed Task Database (CreateDistributedTaskPartitionSchema, CreateDistributedTaskPartitionSchema)                     - 1844 milliseconds
Synchronize with Integration Services (Install.WorkItemTracking, CreateCollection.Service.TFS)                                    - 1346 milliseconds
Enable Prefix Compression (EnablePrefixCompression, CreateCollectionSchema)                                                       - 1310 milliseconds
Create Git Database (Install.CreateCollectionSchema, CreateCollectionSchema)                                                      - 1237 milliseconds
Create Framework Database (Install.CreateCollectionSchema, CreateCollectionSchema)                                                - 1180 milliseconds
Install Identity data - well-known TFS groups (CreateCollection.Framework, CreateCollection)                                      - 1173 milliseconds
Create Agile Database (Install.CreateCollectionSchema, CreateCollectionSchema)                                                    - 1163 milliseconds
Create Release Management2 Schema (CreateReleaseManagementSchema, CreateReleaseManagementSchema)                                  - 1110 milliseconds
Create DevTestLabs Schema (CreateDevTestLabsSchema, CreateDevTestLabsSchema)                                                      - 1033 milliseconds
Install Work Item Tracking Data (Install.WorkItemTracking, CreateCollection.Service.TFS)                                          - 937 milliseconds
Create Process Database (Install.CreateCollectionSchema, CreateCollectionSchema)                                                  - 800 milliseconds
Create Build2 Database (Install.CreateCollectionSchema, CreateCollectionSchema)                                                   - 796 milliseconds
Create CodeReview Partition Schema (CreateCodeReviewPartitionSchema, CreateCodeReviewPartitionSchema)                             - 703 milliseconds
Add user performing install to Team Foundation Administra... (Install.TfsFramework, CreateCollection.Service.TFS)                 - 657 milliseconds
Release management project service step (Install.ReleaseManagement, CreateCollection.Service.TFS)                                 - 640 milliseconds
Create DistributedTaskOrchestration Database (CreateDistributedTaskOrchestrationSchema, CreateDistributedTaskOrchestrationSchema) - 610 milliseconds
Localize Work Item Tracking Fields (Install.WorkItemTracking, CreateCollection.Service.TFS)                                       - 610 milliseconds
Create Discussion Database (CreateCodeReviewPartitionSchema, CreateCodeReviewPartitionSchema)                                     - 610 milliseconds
Create Root Scope for Agent Queue Groups (CreateCollection.Service.DistributedTask, CreateCollection.Service.DistributedTask)     - 563 milliseconds
Install Counter Status Data (CreateCollection.Framework, CreateCollection)                                                        - 484 milliseconds
Create Queues for Agent Pools (Install.Build2, CreateCollection.Service.TFS)                                                      - 454 milliseconds
Create Integration Database (Install.CreateCollectionSchema, CreateCollectionSchema)                                              - 374 milliseconds
Create Service Hooks Schema (CreateServiceHooksSchema, CreateServiceHooksSchema)                                                  - 344 milliseconds
Create Orchestration Schema (CreatePartitionDbSchema, CreatePartitionDbSchema)                                                    - 330 milliseconds
Create Chat Database (Install.CreateCollectionSchema, CreateCollectionSchema)                                                     - 317 milliseconds
Localize Application Groups (Install.TfsFramework, CreateCollection.Service.TFS)                                                  - 310 milliseconds
Initialize Build Collection Permissions (Install.TeamBuild, CreateCollection.Service.TFS)                                         - 300 milliseconds
Register the collection with the application (CreateCollection.Framework, CreateCollection)                                       - 297 milliseconds
Create CodeSense Database (Install.CreateCollectionSchema, CreateCollectionSchema)                                                - 290 milliseconds
Set IsIdentity Bit for Identity fields (Install.WorkItemTracking, CreateCollection.Service.TFS)                                   - 250 milliseconds
Create Dashboard Database (Install.CreateCollectionSchema, CreateCollectionSchema)                                                - 250 milliseconds
Subscribe for all events for PersistedNotifications (Install.PersistedNotification, CreateCollection.Service.TFS)                 - 250 milliseconds

======================================================================================================
 Execution times by group in descending order (top 40 step groups)
======================================================================================================
Install.CreateCollectionSchema (CreateCollectionSchema)                                                                           - 28 seconds
Install.TfsFramework (CreateCollection.Service.TFS)                                                                               - 10 seconds
RestoreRecoveryModelAndTurnOnRCSI (CreateCollectionSchema)                                                                        - 7 seconds
CreatePartitionDbSchema (CreatePartitionDbSchema)                                                                                 - 6 seconds
Install.WorkItemTracking (CreateCollection.Service.TFS)                                                                           - 3 seconds
CreateCollection.Framework (CreateCollection)                                                                                     - 2 seconds
CreateDistributedTaskPartitionSchema (CreateDistributedTaskPartitionSchema)                                                       - 1844 milliseconds
CreateCodeReviewPartitionSchema (CreateCodeReviewPartitionSchema)                                                                 - 1313 milliseconds
EnablePrefixCompression (CreateCollectionSchema)                                                                                  - 1310 milliseconds
CreateReleaseManagementSchema (CreateReleaseManagementSchema)                                                                     - 1110 milliseconds
CreateDevTestLabsSchema (CreateDevTestLabsSchema)                                                                                 - 1033 milliseconds
Install.Build2 (CreateCollection.Service.TFS)                                                                                     - 717 milliseconds
CreateCollection.Service.DistributedTask (CreateCollection.Service.DistributedTask)                                               - 657 milliseconds
Install.ReleaseManagement (CreateCollection.Service.TFS)                                                                          - 640 milliseconds
Install.VersionControl (CreateCollection.Service.TFS)                                                                             - 640 milliseconds
Install.TeamBuild (CreateCollection.Service.TFS)                                                                                  - 627 milliseconds
CreateDistributedTaskOrchestrationSchema (CreateDistributedTaskOrchestrationSchema)                                               - 610 milliseconds
Install.CreateCollectionJobs (CreateCollection.Service.TFS)                                                                       - 437 milliseconds
CreateServiceHooksSchema (CreateServiceHooksSchema)                                                                               - 344 milliseconds
Install.TestManagement (CreateCollection.Service.TFS)                                                                             - 300 milliseconds
Install.PersistedNotification (CreateCollection.Service.TFS)                                                                      - 267 milliseconds
Install.Integration (CreateCollection.Service.TFS)                                                                                - 264 milliseconds
Install.TeamArch (CreateCollection.Service.TFS)                                                                                   - 217 milliseconds
Install.LabExecution (CreateCollection.Service.TFS)                                                                               - 204 milliseconds
CreateExtensionPartitionSchema (CreateExtensionPartitionSchema)                                                                   - 194 milliseconds
CreateCollection.Service.CodeReviewSdk (CreateCollection.Service.CodeReviewSdk)                                                   - 190 milliseconds
CreateCollection.Service.ExtensionManagement (CreateCollection.Service.ExtensionManagement)                                       - 140 milliseconds
Install.Git (CreateCollection.Service.TFS)                                                                                        - 140 milliseconds
CreateCollection.Service.SH (CreateCollection.Service.SH)                                                                         - 140 milliseconds
ConfigureCatalogResourceTypes (CreateCollectionSchema)                                                                            - 127 milliseconds
CreateCollection.Service.DistributedTaskOrchestration (CreateCollection.Service.DistributedTaskOrchestration)                     - 110 milliseconds
Install.CodeSense (CreateCollection.Service.TFS)                                                                                  - 63 milliseconds
Install.ServiceHooks (CreateCollection.Service.TFS)                                                                               - 63 milliseconds
CreateCollection.Service.RMO (CreateCollection.Service.RMO)                                                                       - 63 milliseconds
CopyServiceLevel (CreateCollectionSchema)                                                                                         - 60 milliseconds
FinishCreateCollection (FinishCreateCollection)                                                                                   - 47 milliseconds
Install.Chat (CreateCollection.Service.TFS)                                                                                       - 47 milliseconds
CreateCollection.AcquireCollectionPartition (CreateCollection)                                                                    - 46 milliseconds
CreateCollection.Service.DevTestLabs (CreateCollection.Service.DevTestLabs)                                                       - 46 milliseconds
UpdatePartitionDatabaseProperties (UpdatePartitionDatabaseProperties)                                                             - 30 milliseconds
